2025-04-17 13:04:35,612 [INFO] Activator:176 - 


2025-04-17 13:04:35,614 [INFO] Activator:177 - !SESSION log4j initialized
2025-04-17 13:04:37,704 [ERROR] LogOutputStream:75 - [STDERR_REDIRECT] 
2025-04-17 13:04:39,803 [INFO] LogOutputStream:77 - [STDOUT_REDIRECT] 
2025-04-17 13:04:41,742 [INFO] ApplicationProperties:184 - Using Application install path: /Applications/STM32CubeIDE.app/Contents/Eclipse/plugins/com.st.stm32cube.common.mx_6.14.0.202502271554
2025-04-17 13:04:41,758 [INFO] DbMcusXml:78 - Set database path to: /Applications/STM32CubeIDE.app/Contents/Eclipse/plugins/com.st.stm32cube.common.mx_6.14.0.202502271554//db//mcu/
2025-04-17 13:04:41,758 [INFO] ApiDb:274 - Set plugin database path to: /Applications/STM32CubeIDE.app/Contents/Eclipse/plugins/com.st.stm32cube.common.mx_6.14.0.202502271554//db//plugins/boardmanager/
2025-04-17 13:04:41,759 [WARN] ApiDb:259 - Overriding images path with different value:  => /Applications/STM32CubeIDE.app/Contents/Eclipse/plugins/com.st.stm32cube.common.mx_6.14.0.202502271554//db//plugins/mcufinder/images/
2025-04-17 13:04:41,766 [INFO] ApiDb:250 - Set database path to: /Users/ReneshPanchal/.stmcufinder/plugins/mcufinder//mcu/
2025-04-17 13:04:41,767 [INFO] DbMcusAds:125 - Set database path to: /Users/ReneshPanchal/.stmcufinder/plugins/mcufinder//mcu/
2025-04-17 13:04:41,768 [INFO] CrossReferenceDbSqlite:203 - Set database path to: /Users/ReneshPanchal/.stmcufinder/plugins/mcufinder//mcu/cs/
2025-04-17 13:04:41,932 [INFO] RulesReader:64 - Compatibility file has been processed (301 Rules)
2025-04-17 13:04:42,009 [INFO] DbMcusXml:78 - Set database path to: /Applications/STM32CubeIDE.app/Contents/Eclipse/plugins/com.st.stm32cube.common.mx_6.14.0.202502271554//db//mcu/
2025-04-17 13:04:42,009 [INFO] ApiDb:274 - Set plugin database path to: /Applications/STM32CubeIDE.app/Contents/Eclipse/plugins/com.st.stm32cube.common.mx_6.14.0.202502271554//db//plugins/boardmanager/
2025-04-17 13:04:42,009 [INFO] ApiDb:261 - Set plugin images path to: /Applications/STM32CubeIDE.app/Contents/Eclipse/plugins/com.st.stm32cube.common.mx_6.14.0.202502271554//db//plugins/mcufinder/images/
2025-04-17 13:04:42,009 [WARN] DbFile:41 - Overriding database path with different value: /Users/ReneshPanchal/.stmcufinder/plugins/mcufinder/ => /Users/ReneshPanchal/.stmcufinder/plugins/mcufinder
2025-04-17 13:04:42,009 [INFO] ApiDb:250 - Set database path to: /Users/ReneshPanchal/.stmcufinder/plugins/mcufinder//mcu/
2025-04-17 13:04:42,010 [WARN] DbFile:41 - Overriding database path with different value: /Users/ReneshPanchal/.stmcufinder/plugins/mcufinder/ => /Users/ReneshPanchal/.stmcufinder/plugins/mcufinder
2025-04-17 13:04:42,010 [INFO] DbMcusAds:125 - Set database path to: /Users/ReneshPanchal/.stmcufinder/plugins/mcufinder//mcu/
2025-04-17 13:04:42,010 [WARN] DbFile:41 - Overriding database path with different value: /Users/ReneshPanchal/.stmcufinder/plugins/mcufinder/ => /Users/ReneshPanchal/.stmcufinder/plugins/mcufinder
2025-04-17 13:04:42,010 [WARN] DbFile:41 - Overriding database path with different value: /Users/ReneshPanchal/.stmcufinder/plugins/mcufinder/ => /Users/ReneshPanchal/.stmcufinder/plugins/mcufinder
2025-04-17 13:04:42,010 [INFO] CrossReferenceDbSqlite:203 - Set database path to: /Users/ReneshPanchal/.stmcufinder/plugins/mcufinder//mcu/cs/
2025-04-17 13:04:42,078 [INFO] MainPanel:272 - HeapMemory: 268435456
2025-04-17 13:04:42,420 [INFO] DbMcusXml:78 - Set database path to: /Applications/STM32CubeIDE.app/Contents/Eclipse/plugins/com.st.stm32cube.common.mx_6.14.0.202502271554//db//mcu/
2025-04-17 13:04:42,420 [INFO] ApiDb:274 - Set plugin database path to: /Applications/STM32CubeIDE.app/Contents/Eclipse/plugins/com.st.stm32cube.common.mx_6.14.0.202502271554//db//plugins/boardmanager/
2025-04-17 13:04:42,421 [INFO] ApiDb:261 - Set plugin images path to: /Applications/STM32CubeIDE.app/Contents/Eclipse/plugins/com.st.stm32cube.common.mx_6.14.0.202502271554//db//plugins/mcufinder/images/
2025-04-17 13:04:42,421 [WARN] DbFile:41 - Overriding database path with different value: /Users/ReneshPanchal/.stmcufinder/plugins/mcufinder/ => /Users/ReneshPanchal/.stmcufinder/plugins/mcufinder
2025-04-17 13:04:42,421 [INFO] ApiDb:250 - Set database path to: /Users/ReneshPanchal/.stmcufinder/plugins/mcufinder//mcu/
2025-04-17 13:04:42,421 [WARN] DbFile:41 - Overriding database path with different value: /Users/ReneshPanchal/.stmcufinder/plugins/mcufinder/ => /Users/ReneshPanchal/.stmcufinder/plugins/mcufinder
2025-04-17 13:04:42,421 [INFO] DbMcusAds:125 - Set database path to: /Users/ReneshPanchal/.stmcufinder/plugins/mcufinder//mcu/
2025-04-17 13:04:42,421 [WARN] DbFile:41 - Overriding database path with different value: /Users/ReneshPanchal/.stmcufinder/plugins/mcufinder/ => /Users/ReneshPanchal/.stmcufinder/plugins/mcufinder
2025-04-17 13:04:42,421 [WARN] DbFile:41 - Overriding database path with different value: /Users/ReneshPanchal/.stmcufinder/plugins/mcufinder/ => /Users/ReneshPanchal/.stmcufinder/plugins/mcufinder
2025-04-17 13:04:42,421 [INFO] CrossReferenceDbSqlite:203 - Set database path to: /Users/ReneshPanchal/.stmcufinder/plugins/mcufinder//mcu/cs/
2025-04-17 13:04:42,438 [INFO] ApplicationProperties:184 - Using Application install path: /Applications/STM32CubeIDE.app/Contents/Eclipse/plugins/com.st.stm32cube.common.mx_6.14.0.202502271554
2025-04-17 13:04:42,439 [INFO] PluginManage:196 - Search for loadable plugins [exclusion list=, ]
2025-04-17 13:04:42,442 [INFO] PluginManage:310 - Check plugin analytics
2025-04-17 13:04:42,651 [INFO] AnalyticsPlugin:253 - Accepted Software Licenses: 
2025-04-17 13:04:42,651 [INFO] AnalyticsPlugin:255 - Accepted CMSIS Pack Licenses: 
2025-04-17 13:04:42,651 [INFO] AnalyticsPlugin:257 - Accepted Firmware Licenses: 
2025-04-17 13:04:42,661 [INFO] PluginManage:359 - Loaded plugin analytics (category:tool,tabindex:-1)
2025-04-17 13:04:42,662 [INFO] PluginManage:310 - Check plugin cadmodel
2025-04-17 13:04:42,671 [INFO] CADModel:105 - Init CAD model plugin
2025-04-17 13:04:42,671 [INFO] PluginManage:359 - Loaded plugin cadmodel (category:power,tabindex:5)
2025-04-17 13:04:42,671 [INFO] PluginManage:310 - Check plugin clock
2025-04-17 13:04:42,680 [INFO] PluginManage:359 - Loaded plugin clock (category:base,tabindex:2)
2025-04-17 13:04:42,681 [INFO] PluginManage:310 - Check plugin ddr
2025-04-17 13:04:42,682 [INFO] PluginManage:359 - Loaded plugin ddr (category:tool,tabindex:6)
2025-04-17 13:04:42,682 [INFO] PluginManage:310 - Check plugin filemanager
2025-04-17 13:04:42,892 [INFO] PluginManage:359 - Loaded plugin filemanager (category:base,tabindex:10)
2025-04-17 13:04:42,893 [INFO] PluginManage:310 - Check plugin ipmanager
2025-04-17 13:04:43,091 [INFO] PluginManage:359 - Loaded plugin ipmanager (category:base,tabindex:5)
2025-04-17 13:04:43,097 [INFO] PluginManage:310 - Check plugin lpbam
2025-04-17 13:04:43,149 [INFO] PluginManage:359 - Loaded plugin lpbam (category:base,tabindex:0)
2025-04-17 13:04:43,150 [INFO] PluginManage:310 - Check plugin memorymap
2025-04-17 13:04:43,213 [INFO] PluginManage:359 - Loaded plugin memorymap (category:base,tabindex:4)
2025-04-17 13:04:43,214 [INFO] PluginManage:310 - Check plugin pinoutandconfiguration
2025-04-17 13:04:43,224 [INFO] PluginManage:359 - Loaded plugin pinoutandconfiguration (category:base,tabindex:1)
2025-04-17 13:04:43,224 [INFO] PluginManage:310 - Check plugin pinoutconfig
2025-04-17 13:04:43,387 [WARN] SupportedApi:132 - Cannot load RTOS API schema: s4s-elt-must-match.1: The content of 'definitions' must match (annotation?, (simpleType | complexType)?, (unique | key | keyref)*)). A problem was found starting at: attribute.
2025-04-17 13:04:43,624 [INFO] PluginManage:359 - Loaded plugin pinoutconfig (category:base,tabindex:0)
2025-04-17 13:04:43,625 [INFO] PluginManage:310 - Check plugin power
2025-04-17 13:04:43,639 [INFO] PluginManage:359 - Loaded plugin power (category:power,tabindex:4)
2025-04-17 13:04:43,639 [INFO] PluginManage:310 - Check plugin projectmanager
2025-04-17 13:04:43,683 [INFO] PluginManage:359 - Loaded plugin projectmanager (category:projectmanager,tabindex:4)
2025-04-17 13:04:43,684 [INFO] PluginManage:310 - Check plugin rif
2025-04-17 13:04:43,690 [INFO] PluginManage:359 - Loaded plugin rif (category:base,tabindex:3)
2025-04-17 13:04:43,691 [INFO] PluginManage:310 - Check plugin thirdparty
2025-04-17 13:04:43,899 [INFO] PluginManage:359 - Loaded plugin thirdparty (category:base,tabindex:-1)
2025-04-17 13:04:43,899 [INFO] PluginManage:310 - Check plugin tools
2025-04-17 13:04:43,904 [INFO] PluginManage:359 - Loaded plugin tools (category:base,tabindex:7)
2025-04-17 13:04:43,904 [INFO] PluginManage:310 - Check plugin tutovideos
2025-04-17 13:04:43,898 [WARN] IntegrityCheckThread:84 - waiting for thirdparty lock release [integrity check]
2025-04-17 13:04:43,904 [INFO] IntegrityCheckThread:86 - entering critical section [integrity check]
2025-04-17 13:04:43,905 [INFO] ThirdPartyUpdaterWithRetryManager:70 - Updater plugin not ready yet. [1/15]
2025-04-17 13:04:44,090 [INFO] PluginManage:359 - Loaded plugin tutovideos (category:base,tabindex:-1)
2025-04-17 13:04:44,090 [INFO] PluginManage:310 - Check plugin updater
2025-04-17 13:04:44,121 [INFO] PluginManage:359 - Loaded plugin updater (category:base,tabindex:12)
2025-04-17 13:04:44,121 [INFO] PluginManage:310 - Check plugin userauth
2025-04-17 13:04:44,129 [INFO] UserAuth:118 - Init User Auth plugin
2025-04-17 13:04:44,131 [INFO] PluginManage:359 - Loaded plugin userauth (category:base,tabindex:14)
2025-04-17 13:04:44,132 [INFO] PluginManage:283 - PluginManage : Loaded plugins [18]
2025-04-17 13:04:44,503 [INFO] PinOutPanel:1589 - setPackage(No Configuration,No Configuration)
2025-04-17 13:04:44,583 [INFO] CADModel:165 - CPN selected for project level
2025-04-17 13:04:44,584 [INFO] CADModel:114 - Register for checkConnection events
2025-04-17 13:04:44,599 [INFO] IPUIPlugin:80 - create IPUIPlugin
2025-04-17 13:04:44,600 [INFO] PluginManager:220 - loadIPPluginJar : add mdma
2025-04-17 13:04:44,606 [INFO] IPUIPlugin:80 - create IPUIPlugin
2025-04-17 13:04:44,607 [INFO] PluginManager:220 - loadIPPluginJar : add freertos
2025-04-17 13:04:44,611 [INFO] IPUIPlugin:80 - create IPUIPlugin
2025-04-17 13:04:44,611 [INFO] PluginManager:220 - loadIPPluginJar : add gic
2025-04-17 13:04:44,622 [INFO] IPUIPlugin:80 - create IPUIPlugin
2025-04-17 13:04:44,623 [INFO] PluginManager:220 - loadIPPluginJar : add adc
2025-04-17 13:04:44,629 [INFO] IPUIPlugin:80 - create IPUIPlugin
2025-04-17 13:04:44,629 [INFO] PluginManager:220 - loadIPPluginJar : add gtzc
2025-04-17 13:04:44,631 [INFO] IPUIPlugin:80 - create IPUIPlugin
2025-04-17 13:04:44,631 [INFO] PluginManager:220 - loadIPPluginJar : add quadspi
2025-04-17 13:04:44,634 [INFO] IPUIPlugin:80 - create IPUIPlugin
2025-04-17 13:04:44,634 [INFO] PluginManager:220 - loadIPPluginJar : add aes
2025-04-17 13:04:44,636 [INFO] IPUIPlugin:80 - create IPUIPlugin
2025-04-17 13:04:44,636 [INFO] PluginManager:220 - loadIPPluginJar : add pdm2pcm
2025-04-17 13:04:44,639 [INFO] IPUIPlugin:80 - create IPUIPlugin
2025-04-17 13:04:44,639 [INFO] PluginManager:220 - loadIPPluginJar : add hash
2025-04-17 13:04:44,640 [INFO] IPUIPlugin:80 - create IPUIPlugin
2025-04-17 13:04:44,640 [INFO] PluginManager:220 - loadIPPluginJar : add tim
2025-04-17 13:04:44,641 [INFO] IPUIPlugin:80 - create IPUIPlugin
2025-04-17 13:04:44,641 [INFO] PluginManager:220 - loadIPPluginJar : add tsc
2025-04-17 13:04:44,643 [INFO] IPUIPlugin:80 - create IPUIPlugin
2025-04-17 13:04:44,645 [INFO] PluginManager:220 - loadIPPluginJar : add extmemmanager
2025-04-17 13:04:44,646 [INFO] IPUIPlugin:80 - create IPUIPlugin
2025-04-17 13:04:44,646 [INFO] PluginManager:220 - loadIPPluginJar : add ts
2025-04-17 13:04:44,647 [INFO] IPUIPlugin:80 - create IPUIPlugin
2025-04-17 13:04:44,648 [INFO] PluginManager:220 - loadIPPluginJar : add radio
2025-04-17 13:04:44,649 [INFO] IPUIPlugin:80 - create IPUIPlugin
2025-04-17 13:04:44,649 [INFO] PluginManager:220 - loadIPPluginJar : add can
2025-04-17 13:04:44,650 [INFO] IPUIPlugin:80 - create IPUIPlugin
2025-04-17 13:04:44,650 [INFO] PluginManager:220 - loadIPPluginJar : add dma3
2025-04-17 13:04:44,652 [INFO] IPUIPlugin:80 - create IPUIPlugin
2025-04-17 13:04:44,652 [INFO] PluginManager:220 - loadIPPluginJar : add dfsdm
2025-04-17 13:04:44,654 [INFO] IPUIPlugin:80 - create IPUIPlugin
2025-04-17 13:04:44,654 [INFO] PluginManager:220 - loadIPPluginJar : add spi
2025-04-17 13:04:44,656 [INFO] IPUIPlugin:80 - create IPUIPlugin
2025-04-17 13:04:44,656 [INFO] PluginManager:220 - loadIPPluginJar : add gfxmmu
2025-04-17 13:04:44,658 [INFO] IPUIPlugin:80 - create IPUIPlugin
2025-04-17 13:04:44,658 [INFO] PluginManager:220 - loadIPPluginJar : add genericplugin
2025-04-17 13:04:44,659 [INFO] IPUIPlugin:80 - create IPUIPlugin
2025-04-17 13:04:44,659 [INFO] PluginManager:220 - loadIPPluginJar : add cryp
2025-04-17 13:04:44,663 [INFO] IPUIPlugin:80 - create IPUIPlugin
2025-04-17 13:04:44,664 [INFO] PluginManager:220 - loadIPPluginJar : add gpio
2025-04-17 13:04:44,666 [INFO] IPUIPlugin:80 - create IPUIPlugin
2025-04-17 13:04:44,667 [INFO] PluginManager:220 - loadIPPluginJar : add ddr_ctrl_phy
2025-04-17 13:04:44,668 [INFO] IPUIPlugin:80 - create IPUIPlugin
2025-04-17 13:04:44,669 [INFO] PluginManager:220 - loadIPPluginJar : add comp
2025-04-17 13:04:44,671 [INFO] IPUIPlugin:80 - create IPUIPlugin
2025-04-17 13:04:44,672 [INFO] PluginManager:220 - loadIPPluginJar : add tracer_emb
2025-04-17 13:04:44,674 [INFO] IPUIPlugin:80 - create IPUIPlugin
2025-04-17 13:04:44,674 [INFO] PluginManager:220 - loadIPPluginJar : add openamp
2025-04-17 13:04:44,679 [INFO] IPUIPlugin:80 - create IPUIPlugin
2025-04-17 13:04:44,679 [INFO] PluginManager:220 - loadIPPluginJar : add stm32_wpan
2025-04-17 13:04:44,684 [INFO] IPUIPlugin:80 - create IPUIPlugin
2025-04-17 13:04:44,690 [INFO] PluginManager:220 - loadIPPluginJar : add plateformsettings
2025-04-17 13:04:44,693 [INFO] IPUIPlugin:80 - create IPUIPlugin
2025-04-17 13:04:44,693 [INFO] PluginManager:220 - loadIPPluginJar : add ipddr
2025-04-17 13:04:44,695 [INFO] IPUIPlugin:80 - create IPUIPlugin
2025-04-17 13:04:44,696 [INFO] PluginManager:220 - loadIPPluginJar : add usart
2025-04-17 13:04:44,697 [INFO] IPUIPlugin:80 - create IPUIPlugin
2025-04-17 13:04:44,697 [INFO] PluginManager:220 - loadIPPluginJar : add ltdc
2025-04-17 13:04:44,699 [INFO] IPUIPlugin:80 - create IPUIPlugin
2025-04-17 13:04:44,699 [INFO] PluginManager:220 - loadIPPluginJar : add nvic
2025-04-17 13:04:44,700 [INFO] IPUIPlugin:80 - create IPUIPlugin
2025-04-17 13:04:44,700 [INFO] PluginManager:220 - loadIPPluginJar : add fatfs
2025-04-17 13:04:44,707 [INFO] IPUIPlugin:80 - create IPUIPlugin
2025-04-17 13:04:44,707 [INFO] PluginManager:220 - loadIPPluginJar : add linkedlist
2025-04-17 13:04:44,713 [INFO] IPUIPlugin:80 - create IPUIPlugin
2025-04-17 13:04:44,713 [INFO] PluginManager:220 - loadIPPluginJar : add dma
2025-04-17 13:04:44,716 [INFO] IPUIPlugin:80 - create IPUIPlugin
2025-04-17 13:04:44,716 [INFO] PluginManager:220 - loadIPPluginJar : add fmc
2025-04-17 13:04:44,719 [INFO] IPUIPlugin:80 - create IPUIPlugin
2025-04-17 13:04:44,719 [INFO] PluginManager:220 - loadIPPluginJar : add i2s
2025-04-17 13:04:44,721 [INFO] IPUIPlugin:80 - create IPUIPlugin
2025-04-17 13:04:44,721 [INFO] PluginManager:220 - loadIPPluginJar : add ucpd
2025-04-17 13:04:44,723 [INFO] IPUIPlugin:80 - create IPUIPlugin
2025-04-17 13:04:44,723 [INFO] PluginManager:220 - loadIPPluginJar : add lorawan
2025-04-17 13:04:44,726 [INFO] IPUIPlugin:80 - create IPUIPlugin
2025-04-17 13:04:44,726 [INFO] PluginManager:220 - loadIPPluginJar : add opamp
2025-04-17 13:04:44,728 [INFO] IPUIPlugin:80 - create IPUIPlugin
2025-04-17 13:04:44,728 [INFO] PluginManager:220 - loadIPPluginJar : add i3c
2025-04-17 13:04:44,731 [INFO] IPUIPlugin:80 - create IPUIPlugin
2025-04-17 13:04:44,731 [INFO] PluginManager:220 - loadIPPluginJar : add touchsensing
2025-04-17 13:04:44,734 [INFO] IPUIPlugin:80 - create IPUIPlugin
2025-04-17 13:04:44,734 [INFO] PluginManager:220 - loadIPPluginJar : add i2c
2025-04-17 13:04:44,738 [INFO] IPUIPlugin:80 - create IPUIPlugin
2025-04-17 13:04:44,738 [INFO] PluginManager:220 - loadIPPluginJar : add resmgrutility
2025-04-17 13:04:44,740 [INFO] IPUIPlugin:80 - create IPUIPlugin
2025-04-17 13:04:44,740 [INFO] PluginManager:220 - loadIPPluginJar : add sai
2025-04-17 13:04:44,742 [INFO] IPUIPlugin:80 - create IPUIPlugin
2025-04-17 13:04:44,742 [INFO] PluginManager:220 - loadIPPluginJar : add usbx
2025-04-17 13:04:44,872 [FATAL] Updater:351 - Updater called before beeing initialized
2025-04-17 13:04:44,950 [INFO] RulesReader:64 - Compatibility file has been processed (301 Rules)
2025-04-17 13:04:44,984 [INFO] RulesReader:64 - Compatibility file has been processed (301 Rules)
2025-04-17 13:04:44,999 [INFO] CADModel:165 - CPN selected for project level
2025-04-17 13:04:44,999 [INFO] CADModel:114 - Register for checkConnection events
2025-04-17 13:04:44,999 [FATAL] Updater:351 - Updater called before beeing initialized
2025-04-17 13:04:44,999 [ERROR] CADModel:125 - Updater not yet initialized, retry later 
2025-04-17 13:04:45,475 [FATAL] Updater:351 - Updater called before beeing initialized
2025-04-17 13:04:45,486 [INFO] CADModel:165 - CPN selected for project level
2025-04-17 13:04:45,487 [INFO] CADModel:114 - Register for checkConnection events
2025-04-17 13:04:45,487 [FATAL] Updater:351 - Updater called before beeing initialized
2025-04-17 13:04:45,487 [ERROR] CADModel:125 - Updater not yet initialized, retry later 
2025-04-17 13:04:45,493 [FATAL] Updater:351 - Updater called before beeing initialized
2025-04-17 13:04:45,790 [FATAL] Updater:351 - Updater called before beeing initialized
2025-04-17 13:04:45,804 [INFO] DbMcusAds:53 - JSON generation date=Thu Mar 06 07:54:22 MST 2025 (1741272862078)
2025-04-17 13:04:45,806 [FATAL] Updater:351 - Updater called before beeing initialized
2025-04-17 13:04:45,869 [WARN] DetailPanel:346 - Failed to get advertising image, set to default
2025-04-17 13:04:46,081 [FATAL] Updater:351 - Updater called before beeing initialized
2025-04-17 13:04:46,085 [FATAL] Updater:351 - Updater called before beeing initialized
2025-04-17 13:04:46,085 [FATAL] Updater:351 - Updater called before beeing initialized
2025-04-17 13:04:46,086 [WARN] DetailPanel:346 - Failed to get advertising image, set to default
2025-04-17 13:04:46,087 [FATAL] Updater:351 - Updater called before beeing initialized
2025-04-17 13:04:46,172 [ERROR] Updater:1198 - MainUpdater not yet initialized. External WinMGr cannot be set.
2025-04-17 13:04:46,187 [INFO] Updater:1134 - Updater Version found : 6.14.0
2025-04-17 13:04:46,204 [INFO] ApplicationProperties:184 - Using Application install path: /Applications/STM32CubeIDE.app/Contents/Eclipse/plugins/com.st.stm32cube.common.mx_6.14.0.202502271554
2025-04-17 13:04:46,689 [INFO] MainUpdater:2872 - connection check result : 10
2025-04-17 13:04:46,691 [INFO] MainUpdater:289 - Updater Check For Update Now.
2025-04-17 13:04:46,691 [INFO] MicroXplorer:498 - Change Database Version : DB.6.0.140
2025-04-17 13:04:46,698 [INFO] McuFinderGlobals:63 - Set McuFinder mode to 2 (CubeIDE integrated)
2025-04-17 13:04:46,700 [INFO] UserAuth:486 - Internet connection configuration mode: 1
2025-04-17 13:04:46,715 [INFO] JxBrowserEngine:152 - Initiate JxBrowser Engine with user profile folder
2025-04-17 13:04:46,911 [WARN] MainUpdater:1193 - Updater busy. Cannot search thirdparties
2025-04-17 13:04:46,911 [INFO] ThirdPartyUpdaterWithRetryManager:96 - Updater plugin is busy. [1/15]
2025-04-17 13:04:47,017 [INFO] CheckServerUpdateThread:120 - End of CheckServer Thread
2025-04-17 13:04:50,121 [WARN] PackLoader:240 - Cannot read IP mode file for STMicroelectronics.FP-SNS-MOTENVWB1.1.4.0
2025-04-17 13:04:50,146 [WARN] PackLoader:240 - Cannot read IP mode file for STMicroelectronics.FP-ATR-ASTRA1.2.0.2
2025-04-17 13:04:50,162 [WARN] PackLoader:240 - Cannot read IP mode file for STMicroelectronics.FP-ATR-ASTRA1.2.0.1
2025-04-17 13:04:50,180 [WARN] PackLoader:240 - Cannot read IP mode file for STMicroelectronics.X-CUBE-SMBUS.2.1.0
2025-04-17 13:04:50,195 [WARN] PackLoader:240 - Cannot read IP mode file for STMicroelectronics.X-CUBE-WB05N.1.1.0
2025-04-17 13:04:50,277 [WARN] PackLoader:240 - Cannot read IP mode file for STMicroelectronics.X-CUBE-AZRTOS-F7.1.1.0
2025-04-17 13:04:50,310 [WARN] PackLoader:240 - Cannot read IP mode file for STMicroelectronics.FP-SNS-FLIGHT1.5.0.2
2025-04-17 13:04:50,391 [WARN] PackLoader:240 - Cannot read IP mode file for Infineon.AIROC-Wi-Fi-Bluetooth-STM32.1.7.0
2025-04-17 13:04:50,432 [WARN] PackLoader:240 - Cannot read IP mode file for STMicroelectronics.X-CUBE-DISPLAY.3.0.0
2025-04-17 13:04:50,459 [WARN] PackLoader:240 - Cannot read IP mode file for STMicroelectronics.X-CUBE-BLE1.7.0.0
2025-04-17 13:04:50,486 [WARN] PackLoader:240 - Cannot read IP mode file for STMicroelectronics.X-CUBE-NFC10.1.0.0
2025-04-17 13:04:50,534 [WARN] PackLoader:240 - Cannot read IP mode file for STMicroelectronics.X-CUBE-BLEMGR.4.0.0
2025-04-17 13:04:50,560 [WARN] PackLoader:240 - Cannot read IP mode file for emotas.I-CUBE-CANOPEN.1.3.0
2025-04-17 13:04:50,579 [WARN] PackLoader:240 - Cannot read IP mode file for STMicroelectronics.X-CUBE-AI.10.0.0
2025-04-17 13:04:50,599 [WARN] PackLoader:240 - Cannot read IP mode file for STMicroelectronics.FP-SNS-SMARTAG2.1.2.0
2025-04-17 13:04:50,633 [WARN] PackLoader:240 - Cannot read IP mode file for STMicroelectronics.FP-SNS-FLIGHT1.5.1.0
2025-04-17 13:04:50,799 [WARN] PackLoader:240 - Cannot read IP mode file for STMicroelectronics.X-CUBE-MEMS1.11.1.0
2025-04-17 13:04:50,891 [INFO] WebApp:169 - Instantiating new browser for Auth
2025-04-17 13:04:50,982 [INFO] LogOutputStream:77 - [STDOUT_REDIRECT] 1 : Invalid condition id : UX_CORESTACK_Condition cause : null
2025-04-17 13:04:50,987 [INFO] LogOutputStream:77 - [STDOUT_REDIRECT] 1 : Invalid condition id : UX_CORESTACK_Condition cause : null
2025-04-17 13:04:50,991 [INFO] LogOutputStream:77 - [STDOUT_REDIRECT] 1 : Invalid condition id : UX_CORESTACK_Condition cause : null
2025-04-17 13:04:50,996 [INFO] LogOutputStream:77 - [STDOUT_REDIRECT] 1 : Invalid condition id : UX_CORESTACK_Condition cause : null
2025-04-17 13:04:51,001 [INFO] LogOutputStream:77 - [STDOUT_REDIRECT] 1 : Invalid condition id : UX_CORESTACK_Condition cause : null
2025-04-17 13:04:51,023 [WARN] PackLoader:240 - Cannot read IP mode file for STMicroelectronics.X-CUBE-AZRTOS-WL.2.0.0
2025-04-17 13:04:51,048 [WARN] PackLoader:240 - Cannot read IP mode file for STMicroelectronics.FP-SNS-MOTENV1.5.0.0
2025-04-17 13:04:51,061 [WARN] PackLoader:240 - Cannot read IP mode file for wolfSSL.I-CUBE-wolfMQTT.1.19.0
2025-04-17 13:04:51,081 [WARN] PackLoader:240 - Cannot read IP mode file for WES.I-CUBE-Cesium.1.3.0
2025-04-17 13:04:51,089 [WARN] PackLoader:240 - Cannot read IP mode file for STMicroelectronics.X-CUBE-BLE2.3.3.0
2025-04-17 13:04:51,108 [WARN] PackLoader:240 - Cannot read IP mode file for STMicroelectronics.X-CUBE-NFC9.1.0.0
2025-04-17 13:04:51,122 [WARN] PackLoader:240 - Cannot read IP mode file for STMicroelectronics.X-CUBE-BLE1.7.1.0
2025-04-17 13:04:51,196 [WARN] PackLoader:240 - Cannot read IP mode file for STMicroelectronics.X-CUBE-MEMS1.11.2.0
2025-04-17 13:04:51,338 [WARN] PackLoader:240 - Cannot read IP mode file for STMicroelectronics.X-CUBE-AZRTOS-G0.1.1.0
2025-04-17 13:04:51,354 [WARN] PackLoader:240 - Cannot read IP mode file for STMicroelectronics.X-CUBE-SAFEA1.1.2.2
2025-04-17 13:04:51,373 [WARN] PackLoader:240 - Cannot read IP mode file for STMicroelectronics.X-CUBE-NFC4.3.0.0
2025-04-17 13:04:51,839 [WARN] PackLoader:240 - Cannot read IP mode file for EmbeddedOffice.I-CUBE-FS-RTOS.1.0.1
2025-04-17 13:04:51,889 [WARN] PackLoader:240 - Cannot read IP mode file for STMicroelectronics.X-CUBE-TCPP.4.2.0
2025-04-17 13:04:51,915 [WARN] PackLoader:240 - Cannot read IP mode file for RealThread.X-CUBE-RT-Thread_Nano.4.1.1
2025-04-17 13:04:51,930 [WARN] PackLoader:240 - Cannot read IP mode file for STMicroelectronics.FP-ATR-SIGFOX1.3.2.0
2025-04-17 13:04:51,944 [WARN] ConditionMgr:438 - getConditionDescription Invalid condition id : Cortex-A Device cause : null
2025-04-17 13:04:52,024 [WARN] ConditionMgr:1044 - genDependencies : Invalid condition id : Cortex-A Device cause : null
2025-04-17 13:04:52,024 [WARN] ConditionMgr:1044 - genDependencies : Invalid condition id : Cortex-A Device cause : null
2025-04-17 13:04:52,025 [WARN] ConditionMgr:1044 - genDependencies : Invalid condition id : Cortex-A Device cause : null
2025-04-17 13:04:52,034 [WARN] PackLoader:240 - Cannot read IP mode file for STMicroelectronics.X-CUBE-EEPRMA1.5.1.0
2025-04-17 13:04:52,039 [WARN] PackLoader:240 - Cannot read IP mode file for wolfSSL.I-CUBE-wolfSSL.5.7.4
2025-04-17 13:04:52,045 [WARN] PackLoader:240 - Cannot read IP mode file for ITTIA_DB.I-CUBE-ITTIADB.8.9.0
2025-04-17 13:04:52,099 [WARN] PackLoader:240 - Cannot read IP mode file for SEGGER.I-CUBE-embOS.1.3.1
2025-04-17 13:04:52,133 [WARN] PackLoader:240 - Cannot read IP mode file for STMicroelectronics.X-CUBE-ALGOBUILD.1.4.0
2025-04-17 13:04:52,147 [WARN] PackLoader:240 - Cannot read IP mode file for STMicroelectronics.X-CUBE-AI.9.1.0
2025-04-17 13:04:52,173 [WARN] PackLoader:240 - Cannot read IP mode file for STMicroelectronics.X-CUBE-AZRTOS-F4.1.1.0
2025-04-17 13:04:52,180 [WARN] PackLoader:240 - Cannot read IP mode file for Avnet-IotConnect.X-CUBE-IoTC-DA16k-PMOD.1.0.0
2025-04-17 13:04:52,184 [WARN] PackLoader:240 - Cannot read IP mode file for STMicroelectronics.X-CUBE-ISPU.2.1.0
2025-04-17 13:04:52,204 [WARN] PackLoader:240 - Cannot read IP mode file for STMicroelectronics.X-CUBE-AZRTOS-L5.2.0.0
2025-04-17 13:04:52,220 [WARN] PackLoader:240 - Cannot read IP mode file for STMicroelectronics.X-CUBE-NFC6.3.1.0
2025-04-17 13:04:52,238 [WARN] PackLoader:240 - Cannot read IP mode file for STMicroelectronics.X-CUBE-DPower.1.2.0
2025-04-17 13:04:52,248 [WARN] PackLoader:240 - Cannot read IP mode file for STMicroelectronics.X-CUBE-FREERTOS.1.3.0
2025-04-17 13:04:52,255 [WARN] PackLoader:240 - Cannot read IP mode file for STMicroelectronics.X-CUBE-NFC7.1.0.1
2025-04-17 13:04:52,261 [WARN] PackLoader:240 - Cannot read IP mode file for STMicroelectronics.X-CUBE-DPower.1.3.0
2025-04-17 13:04:52,283 [WARN] ConditionMgr:438 - getConditionDescription Invalid condition id : LAN8742 Phy interface Condition cause : null
2025-04-17 13:04:52,284 [WARN] PackLoader:240 - Cannot read IP mode file for STMicroelectronics.X-CUBE-AZRTOS-L4.2.0.0
2025-04-17 13:04:52,290 [WARN] ConditionMgr:1044 - genDependencies : Invalid condition id : LAN8742 Phy interface Condition cause : null
2025-04-17 13:04:52,290 [WARN] ConditionMgr:1044 - genDependencies : Invalid condition id : LAN8742 Phy interface Condition cause : null
2025-04-17 13:04:52,291 [WARN] ConditionMgr:1044 - genDependencies : Invalid condition id : LAN8742 Phy interface Condition cause : null
2025-04-17 13:04:52,300 [WARN] PackLoader:240 - Cannot read IP mode file for STMicroelectronics.X-CUBE-SFXS2LP1.4.0.0
2025-04-17 13:04:52,329 [WARN] PackLoader:240 - Cannot read IP mode file for STMicroelectronics.X-CUBE-AZRTOS-H7.3.3.0
2025-04-17 13:04:52,354 [WARN] ConditionMgr:438 - getConditionDescription Invalid condition id : UX DEVICE CLASS RTOS Condition cause : null
2025-04-17 13:04:52,354 [WARN] ConditionMgr:438 - getConditionDescription Invalid condition id : UX DEVICE CLASS RTOS Condition cause : null
2025-04-17 13:04:52,358 [WARN] PackLoader:240 - Cannot read IP mode file for STMicroelectronics.X-CUBE-AZRTOS-WB.2.0.0
2025-04-17 13:04:52,359 [WARN] ConditionMgr:1044 - genDependencies : Invalid condition id : UX DEVICE CLASS RTOS Condition cause : null
2025-04-17 13:04:52,359 [WARN] ConditionMgr:1044 - genDependencies : Invalid condition id : UX DEVICE CLASS RTOS Condition cause : null
2025-04-17 13:04:52,360 [WARN] ConditionMgr:1044 - genDependencies : Invalid condition id : UX DEVICE CLASS RTOS Condition cause : null
2025-04-17 13:04:52,361 [WARN] ConditionMgr:1044 - genDependencies : Invalid condition id : UX DEVICE CLASS RTOS Condition cause : null
2025-04-17 13:04:52,361 [WARN] ConditionMgr:1044 - genDependencies : Invalid condition id : UX DEVICE CLASS RTOS Condition cause : null
2025-04-17 13:04:52,380 [WARN] PackLoader:240 - Cannot read IP mode file for STMicroelectronics.X-CUBE-GNSS1.7.0.1
2025-04-17 13:04:52,387 [WARN] PackLoader:240 - Cannot read IP mode file for STMicroelectronics.X-CUBE-TOUCHGFX.4.25.0
2025-04-17 13:04:52,394 [WARN] PackLoader:240 - Cannot read IP mode file for STMicroelectronics.FP-SNS-STBOX1.2.0.0
2025-04-17 13:04:52,412 [WARN] PackLoader:240 - Cannot read IP mode file for STMicroelectronics.X-CUBE-SUBG2.5.0.0
2025-04-17 13:04:52,451 [WARN] PackLoader:240 - Cannot read IP mode file for STMicroelectronics.X-CUBE-AZRTOS-H7RS.1.1.0
2025-04-17 13:04:52,493 [WARN] PackLoader:240 - Cannot read IP mode file for Cesanta.I-CUBE-Mongoose.7.13.0
2025-04-17 13:04:52,520 [WARN] PackLoader:240 - Cannot read IP mode file for STMicroelectronics.X-CUBE-AZRTOS-G4.2.0.0
2025-04-17 13:04:52,541 [WARN] PackLoader:240 - Cannot read IP mode file for STMicroelectronics.X-CUBE-IPS.3.1.0
2025-04-17 13:04:52,553 [WARN] PackLoader:240 - Cannot read IP mode file for STMicroelectronics.X-CUBE-ALS.1.0.2
2025-04-17 13:04:52,562 [WARN] PackLoader:240 - Cannot read IP mode file for STMicroelectronics.X-CUBE-TOUCHGFX.4.24.2
2025-04-17 13:04:52,571 [WARN] PackLoader:240 - Cannot read IP mode file for wolfSSL.I-CUBE-wolfTPM.3.4.0
2025-04-17 13:04:52,588 [WARN] PackLoader:240 - Cannot read IP mode file for portGmbH.I-Cube-SoM-uGOAL.1.1.0
2025-04-17 13:04:52,614 [WARN] PackLoader:240 - Cannot read IP mode file for STMicroelectronics.X-CUBE-AZRTOS-H7RS.1.0.0
2025-04-17 13:04:52,640 [WARN] PackLoader:240 - Cannot read IP mode file for STMicroelectronics.X-CUBE-TOF1.3.4.2
2025-04-17 13:04:52,667 [WARN] PackLoader:240 - Cannot read IP mode file for STMicroelectronics.X-CUBE-TOF1.3.4.3
2025-04-17 13:04:52,680 [WARN] PackLoader:240 - Cannot read IP mode file for wolfSSL.I-CUBE-wolfSSH.1.4.17
2025-04-17 13:04:52,684 [INFO] ThirdParty:978 - Integrity check success = true
2025-04-17 13:04:52,687 [INFO] IntegrityCheckThread:100 - exiting critical section [integrity check]
2025-04-17 13:04:52,687 [INFO] IntegrityCheckThread:103 - End integrity checks thread
2025-04-17 13:04:52,809 [INFO] WebApp:463 - Apply proxy settings
2025-04-17 13:04:52,828 [INFO] WebApp:508 - Chromium authenticates against Manually configured proxy
2025-04-17 13:04:52,840 [INFO] WebApp:516 - Username used for proxy authentication: 
2025-04-17 13:04:52,882 [INFO] WebApp:894 - Register for checkConnection events
2025-04-17 13:04:52,883 [INFO] WebApp:463 - Apply proxy settings
2025-04-17 13:04:52,888 [INFO] WebApp:508 - Chromium authenticates against Manually configured proxy
2025-04-17 13:04:52,889 [INFO] WebApp:516 - Username used for proxy authentication: 
2025-04-17 13:04:53,159 [INFO] WebApp:225 - Starting web application
2025-04-17 13:04:53,160 [INFO] WebApp:593 - Web application path used /Applications/STM32CubeIDE.app/Contents/Eclipse/plugins/com.st.stm32cube.common.mx_6.14.0.202502271554/db/plugins/mcufinder/reactClient1/index.html
2025-04-17 13:04:53,558 [INFO] WebApp:191 - Connection restablished
2025-04-17 13:04:54,131 [INFO] UserAuth:486 - Internet connection configuration mode: 1
2025-04-17 13:29:28,266 [ERROR] LogOutputStream:75 - [STDERR_REDIRECT] 
2025-04-17 13:29:42,476 [INFO] Activator:176 - 


2025-04-17 13:29:42,478 [INFO] Activator:177 - !SESSION log4j initialized
2025-04-17 13:29:46,827 [INFO] LogOutputStream:77 - [STDOUT_REDIRECT] 
2025-04-17 13:29:48,388 [ERROR] LogOutputStream:75 - [STDERR_REDIRECT] 
2025-04-17 13:29:50,230 [INFO] LogOutputStream:77 - [STDOUT_REDIRECT] 
2025-04-17 13:29:51,693 [INFO] ApplicationProperties:184 - Using Application install path: /Applications/STM32CubeIDE.app/Contents/Eclipse/plugins/com.st.stm32cube.common.mx_6.14.0.202502271554
2025-04-17 13:29:51,710 [INFO] DbMcusXml:78 - Set database path to: /Applications/STM32CubeIDE.app/Contents/Eclipse/plugins/com.st.stm32cube.common.mx_6.14.0.202502271554//db//mcu/
2025-04-17 13:29:51,710 [INFO] ApiDb:274 - Set plugin database path to: /Applications/STM32CubeIDE.app/Contents/Eclipse/plugins/com.st.stm32cube.common.mx_6.14.0.202502271554//db//plugins/boardmanager/
2025-04-17 13:29:51,711 [WARN] ApiDb:259 - Overriding images path with different value:  => /Applications/STM32CubeIDE.app/Contents/Eclipse/plugins/com.st.stm32cube.common.mx_6.14.0.202502271554//db//plugins/mcufinder/images/
2025-04-17 13:29:51,717 [INFO] ApiDb:250 - Set database path to: /Users/ReneshPanchal/.stmcufinder/plugins/mcufinder//mcu/
2025-04-17 13:29:51,718 [INFO] DbMcusAds:125 - Set database path to: /Users/ReneshPanchal/.stmcufinder/plugins/mcufinder//mcu/
2025-04-17 13:29:51,719 [INFO] CrossReferenceDbSqlite:203 - Set database path to: /Users/ReneshPanchal/.stmcufinder/plugins/mcufinder//mcu/cs/
2025-04-17 13:29:51,874 [INFO] RulesReader:64 - Compatibility file has been processed (301 Rules)
2025-04-17 13:29:51,959 [INFO] DbMcusXml:78 - Set database path to: /Applications/STM32CubeIDE.app/Contents/Eclipse/plugins/com.st.stm32cube.common.mx_6.14.0.202502271554//db//mcu/
2025-04-17 13:29:51,959 [INFO] ApiDb:274 - Set plugin database path to: /Applications/STM32CubeIDE.app/Contents/Eclipse/plugins/com.st.stm32cube.common.mx_6.14.0.202502271554//db//plugins/boardmanager/
2025-04-17 13:29:51,960 [INFO] ApiDb:261 - Set plugin images path to: /Applications/STM32CubeIDE.app/Contents/Eclipse/plugins/com.st.stm32cube.common.mx_6.14.0.202502271554//db//plugins/mcufinder/images/
2025-04-17 13:29:51,960 [WARN] DbFile:41 - Overriding database path with different value: /Users/ReneshPanchal/.stmcufinder/plugins/mcufinder/ => /Users/ReneshPanchal/.stmcufinder/plugins/mcufinder
2025-04-17 13:29:51,961 [INFO] ApiDb:250 - Set database path to: /Users/ReneshPanchal/.stmcufinder/plugins/mcufinder//mcu/
2025-04-17 13:29:51,961 [WARN] DbFile:41 - Overriding database path with different value: /Users/ReneshPanchal/.stmcufinder/plugins/mcufinder/ => /Users/ReneshPanchal/.stmcufinder/plugins/mcufinder
2025-04-17 13:29:51,961 [INFO] DbMcusAds:125 - Set database path to: /Users/ReneshPanchal/.stmcufinder/plugins/mcufinder//mcu/
2025-04-17 13:29:51,961 [WARN] DbFile:41 - Overriding database path with different value: /Users/ReneshPanchal/.stmcufinder/plugins/mcufinder/ => /Users/ReneshPanchal/.stmcufinder/plugins/mcufinder
2025-04-17 13:29:51,961 [WARN] DbFile:41 - Overriding database path with different value: /Users/ReneshPanchal/.stmcufinder/plugins/mcufinder/ => /Users/ReneshPanchal/.stmcufinder/plugins/mcufinder
2025-04-17 13:29:51,961 [INFO] CrossReferenceDbSqlite:203 - Set database path to: /Users/ReneshPanchal/.stmcufinder/plugins/mcufinder//mcu/cs/
2025-04-17 13:29:52,029 [INFO] MainPanel:272 - HeapMemory: 268435456
2025-04-17 13:29:52,539 [INFO] DbMcusXml:78 - Set database path to: /Applications/STM32CubeIDE.app/Contents/Eclipse/plugins/com.st.stm32cube.common.mx_6.14.0.202502271554//db//mcu/
2025-04-17 13:29:52,539 [INFO] ApiDb:274 - Set plugin database path to: /Applications/STM32CubeIDE.app/Contents/Eclipse/plugins/com.st.stm32cube.common.mx_6.14.0.202502271554//db//plugins/boardmanager/
2025-04-17 13:29:52,539 [INFO] ApiDb:261 - Set plugin images path to: /Applications/STM32CubeIDE.app/Contents/Eclipse/plugins/com.st.stm32cube.common.mx_6.14.0.202502271554//db//plugins/mcufinder/images/
2025-04-17 13:29:52,540 [WARN] DbFile:41 - Overriding database path with different value: /Users/ReneshPanchal/.stmcufinder/plugins/mcufinder/ => /Users/ReneshPanchal/.stmcufinder/plugins/mcufinder
2025-04-17 13:29:52,540 [INFO] ApiDb:250 - Set database path to: /Users/ReneshPanchal/.stmcufinder/plugins/mcufinder//mcu/
2025-04-17 13:29:52,540 [WARN] DbFile:41 - Overriding database path with different value: /Users/ReneshPanchal/.stmcufinder/plugins/mcufinder/ => /Users/ReneshPanchal/.stmcufinder/plugins/mcufinder
2025-04-17 13:29:52,540 [INFO] DbMcusAds:125 - Set database path to: /Users/ReneshPanchal/.stmcufinder/plugins/mcufinder//mcu/
2025-04-17 13:29:52,540 [WARN] DbFile:41 - Overriding database path with different value: /Users/ReneshPanchal/.stmcufinder/plugins/mcufinder/ => /Users/ReneshPanchal/.stmcufinder/plugins/mcufinder
2025-04-17 13:29:52,540 [WARN] DbFile:41 - Overriding database path with different value: /Users/ReneshPanchal/.stmcufinder/plugins/mcufinder/ => /Users/ReneshPanchal/.stmcufinder/plugins/mcufinder
2025-04-17 13:29:52,540 [INFO] CrossReferenceDbSqlite:203 - Set database path to: /Users/ReneshPanchal/.stmcufinder/plugins/mcufinder//mcu/cs/
2025-04-17 13:29:52,576 [INFO] ApplicationProperties:184 - Using Application install path: /Applications/STM32CubeIDE.app/Contents/Eclipse/plugins/com.st.stm32cube.common.mx_6.14.0.202502271554
2025-04-17 13:29:52,578 [INFO] PluginManage:196 - Search for loadable plugins [exclusion list=, ]
2025-04-17 13:29:52,581 [INFO] PluginManage:310 - Check plugin analytics
2025-04-17 13:29:52,880 [INFO] AnalyticsPlugin:253 - Accepted Software Licenses: 
2025-04-17 13:29:52,881 [INFO] AnalyticsPlugin:255 - Accepted CMSIS Pack Licenses: 
2025-04-17 13:29:52,881 [INFO] AnalyticsPlugin:257 - Accepted Firmware Licenses: 
2025-04-17 13:29:52,889 [INFO] PluginManage:359 - Loaded plugin analytics (category:tool,tabindex:-1)
2025-04-17 13:29:52,890 [INFO] PluginManage:310 - Check plugin cadmodel
2025-04-17 13:29:52,906 [INFO] CADModel:105 - Init CAD model plugin
2025-04-17 13:29:52,906 [INFO] PluginManage:359 - Loaded plugin cadmodel (category:power,tabindex:5)
2025-04-17 13:29:52,907 [INFO] PluginManage:310 - Check plugin clock
2025-04-17 13:29:52,919 [INFO] PluginManage:359 - Loaded plugin clock (category:base,tabindex:2)
2025-04-17 13:29:52,920 [INFO] PluginManage:310 - Check plugin ddr
2025-04-17 13:29:52,921 [INFO] PluginManage:359 - Loaded plugin ddr (category:tool,tabindex:6)
2025-04-17 13:29:52,921 [INFO] PluginManage:310 - Check plugin filemanager
2025-04-17 13:29:53,104 [INFO] PluginManage:359 - Loaded plugin filemanager (category:base,tabindex:10)
2025-04-17 13:29:53,104 [INFO] PluginManage:310 - Check plugin ipmanager
2025-04-17 13:29:53,114 [INFO] PluginManage:359 - Loaded plugin ipmanager (category:base,tabindex:5)
2025-04-17 13:29:53,114 [INFO] PluginManage:310 - Check plugin lpbam
2025-04-17 13:29:53,125 [INFO] PluginManage:359 - Loaded plugin lpbam (category:base,tabindex:0)
2025-04-17 13:29:53,125 [INFO] PluginManage:310 - Check plugin memorymap
2025-04-17 13:29:53,137 [INFO] PluginManage:359 - Loaded plugin memorymap (category:base,tabindex:4)
2025-04-17 13:29:53,137 [INFO] PluginManage:310 - Check plugin pinoutandconfiguration
2025-04-17 13:29:53,146 [INFO] PluginManage:359 - Loaded plugin pinoutandconfiguration (category:base,tabindex:1)
2025-04-17 13:29:53,146 [INFO] PluginManage:310 - Check plugin pinoutconfig
2025-04-17 13:29:53,247 [WARN] SupportedApi:132 - Cannot load RTOS API schema: s4s-elt-must-match.1: The content of 'definitions' must match (annotation?, (simpleType | complexType)?, (unique | key | keyref)*)). A problem was found starting at: attribute.
2025-04-17 13:29:53,410 [INFO] PluginManage:359 - Loaded plugin pinoutconfig (category:base,tabindex:0)
2025-04-17 13:29:53,411 [INFO] PluginManage:310 - Check plugin power
2025-04-17 13:29:53,422 [INFO] PluginManage:359 - Loaded plugin power (category:power,tabindex:4)
2025-04-17 13:29:53,423 [INFO] PluginManage:310 - Check plugin projectmanager
2025-04-17 13:29:53,451 [INFO] PluginManage:359 - Loaded plugin projectmanager (category:projectmanager,tabindex:4)
2025-04-17 13:29:53,451 [INFO] PluginManage:310 - Check plugin rif
2025-04-17 13:29:53,459 [INFO] PluginManage:359 - Loaded plugin rif (category:base,tabindex:3)
2025-04-17 13:29:53,459 [INFO] PluginManage:310 - Check plugin thirdparty
2025-04-17 13:29:53,629 [INFO] PluginManage:359 - Loaded plugin thirdparty (category:base,tabindex:-1)
2025-04-17 13:29:53,629 [INFO] PluginManage:310 - Check plugin tools
2025-04-17 13:29:53,629 [WARN] IntegrityCheckThread:84 - waiting for thirdparty lock release [integrity check]
2025-04-17 13:29:53,630 [INFO] IntegrityCheckThread:86 - entering critical section [integrity check]
2025-04-17 13:29:53,631 [INFO] ThirdPartyUpdaterWithRetryManager:70 - Updater plugin not ready yet. [1/15]
2025-04-17 13:29:53,633 [INFO] PluginManage:359 - Loaded plugin tools (category:base,tabindex:7)
2025-04-17 13:29:53,633 [INFO] PluginManage:310 - Check plugin tutovideos
2025-04-17 13:29:53,819 [INFO] PluginManage:359 - Loaded plugin tutovideos (category:base,tabindex:-1)
2025-04-17 13:29:53,819 [INFO] PluginManage:310 - Check plugin updater
2025-04-17 13:29:53,848 [INFO] PluginManage:359 - Loaded plugin updater (category:base,tabindex:12)
2025-04-17 13:29:53,849 [INFO] PluginManage:310 - Check plugin userauth
2025-04-17 13:29:53,853 [INFO] UserAuth:118 - Init User Auth plugin
2025-04-17 13:29:53,854 [INFO] PluginManage:359 - Loaded plugin userauth (category:base,tabindex:14)
2025-04-17 13:29:53,857 [INFO] PluginManage:283 - PluginManage : Loaded plugins [18]
2025-04-17 13:29:54,123 [INFO] PinOutPanel:1589 - setPackage(No Configuration,No Configuration)
2025-04-17 13:29:54,219 [INFO] CADModel:165 - CPN selected for project level
2025-04-17 13:29:54,220 [INFO] CADModel:114 - Register for checkConnection events
2025-04-17 13:29:54,235 [INFO] IPUIPlugin:80 - create IPUIPlugin
2025-04-17 13:29:54,235 [INFO] PluginManager:220 - loadIPPluginJar : add mdma
2025-04-17 13:29:54,242 [INFO] IPUIPlugin:80 - create IPUIPlugin
2025-04-17 13:29:54,242 [INFO] PluginManager:220 - loadIPPluginJar : add freertos
2025-04-17 13:29:54,248 [INFO] IPUIPlugin:80 - create IPUIPlugin
2025-04-17 13:29:54,248 [INFO] PluginManager:220 - loadIPPluginJar : add gic
2025-04-17 13:29:54,258 [INFO] IPUIPlugin:80 - create IPUIPlugin
2025-04-17 13:29:54,258 [INFO] PluginManager:220 - loadIPPluginJar : add adc
2025-04-17 13:29:54,261 [INFO] IPUIPlugin:80 - create IPUIPlugin
2025-04-17 13:29:54,261 [INFO] PluginManager:220 - loadIPPluginJar : add gtzc
2025-04-17 13:29:54,262 [INFO] IPUIPlugin:80 - create IPUIPlugin
2025-04-17 13:29:54,262 [INFO] PluginManager:220 - loadIPPluginJar : add quadspi
2025-04-17 13:29:54,264 [INFO] IPUIPlugin:80 - create IPUIPlugin
2025-04-17 13:29:54,264 [INFO] PluginManager:220 - loadIPPluginJar : add aes
2025-04-17 13:29:54,266 [INFO] IPUIPlugin:80 - create IPUIPlugin
2025-04-17 13:29:54,266 [INFO] PluginManager:220 - loadIPPluginJar : add pdm2pcm
2025-04-17 13:29:54,267 [INFO] IPUIPlugin:80 - create IPUIPlugin
2025-04-17 13:29:54,267 [INFO] PluginManager:220 - loadIPPluginJar : add hash
2025-04-17 13:29:54,268 [INFO] IPUIPlugin:80 - create IPUIPlugin
2025-04-17 13:29:54,268 [INFO] PluginManager:220 - loadIPPluginJar : add tim
2025-04-17 13:29:54,270 [INFO] IPUIPlugin:80 - create IPUIPlugin
2025-04-17 13:29:54,270 [INFO] PluginManager:220 - loadIPPluginJar : add tsc
2025-04-17 13:29:54,272 [INFO] IPUIPlugin:80 - create IPUIPlugin
2025-04-17 13:29:54,272 [INFO] PluginManager:220 - loadIPPluginJar : add extmemmanager
2025-04-17 13:29:54,274 [INFO] IPUIPlugin:80 - create IPUIPlugin
2025-04-17 13:29:54,274 [INFO] PluginManager:220 - loadIPPluginJar : add ts
2025-04-17 13:29:54,275 [INFO] IPUIPlugin:80 - create IPUIPlugin
2025-04-17 13:29:54,276 [INFO] PluginManager:220 - loadIPPluginJar : add radio
2025-04-17 13:29:54,277 [INFO] IPUIPlugin:80 - create IPUIPlugin
2025-04-17 13:29:54,277 [INFO] PluginManager:220 - loadIPPluginJar : add can
2025-04-17 13:29:54,279 [INFO] IPUIPlugin:80 - create IPUIPlugin
2025-04-17 13:29:54,279 [INFO] PluginManager:220 - loadIPPluginJar : add dma3
2025-04-17 13:29:54,280 [INFO] IPUIPlugin:80 - create IPUIPlugin
2025-04-17 13:29:54,280 [INFO] PluginManager:220 - loadIPPluginJar : add dfsdm
2025-04-17 13:29:54,282 [INFO] IPUIPlugin:80 - create IPUIPlugin
2025-04-17 13:29:54,282 [INFO] PluginManager:220 - loadIPPluginJar : add spi
2025-04-17 13:29:54,284 [INFO] IPUIPlugin:80 - create IPUIPlugin
2025-04-17 13:29:54,284 [INFO] PluginManager:220 - loadIPPluginJar : add gfxmmu
2025-04-17 13:29:54,286 [INFO] IPUIPlugin:80 - create IPUIPlugin
2025-04-17 13:29:54,286 [INFO] PluginManager:220 - loadIPPluginJar : add genericplugin
2025-04-17 13:29:54,287 [INFO] IPUIPlugin:80 - create IPUIPlugin
2025-04-17 13:29:54,288 [INFO] PluginManager:220 - loadIPPluginJar : add cryp
2025-04-17 13:29:54,293 [INFO] IPUIPlugin:80 - create IPUIPlugin
2025-04-17 13:29:54,293 [INFO] PluginManager:220 - loadIPPluginJar : add gpio
2025-04-17 13:29:54,296 [INFO] IPUIPlugin:80 - create IPUIPlugin
2025-04-17 13:29:54,296 [INFO] PluginManager:220 - loadIPPluginJar : add ddr_ctrl_phy
2025-04-17 13:29:54,298 [INFO] IPUIPlugin:80 - create IPUIPlugin
2025-04-17 13:29:54,298 [INFO] PluginManager:220 - loadIPPluginJar : add comp
2025-04-17 13:29:54,301 [INFO] IPUIPlugin:80 - create IPUIPlugin
2025-04-17 13:29:54,302 [INFO] PluginManager:220 - loadIPPluginJar : add tracer_emb
2025-04-17 13:29:54,303 [INFO] IPUIPlugin:80 - create IPUIPlugin
2025-04-17 13:29:54,303 [INFO] PluginManager:220 - loadIPPluginJar : add openamp
2025-04-17 13:29:54,308 [INFO] IPUIPlugin:80 - create IPUIPlugin
2025-04-17 13:29:54,308 [INFO] PluginManager:220 - loadIPPluginJar : add stm32_wpan
2025-04-17 13:29:54,312 [INFO] IPUIPlugin:80 - create IPUIPlugin
2025-04-17 13:29:54,314 [INFO] PluginManager:220 - loadIPPluginJar : add plateformsettings
2025-04-17 13:29:54,317 [INFO] IPUIPlugin:80 - create IPUIPlugin
2025-04-17 13:29:54,317 [INFO] PluginManager:220 - loadIPPluginJar : add ipddr
2025-04-17 13:29:54,319 [INFO] IPUIPlugin:80 - create IPUIPlugin
2025-04-17 13:29:54,319 [INFO] PluginManager:220 - loadIPPluginJar : add usart
2025-04-17 13:29:54,320 [INFO] IPUIPlugin:80 - create IPUIPlugin
2025-04-17 13:29:54,320 [INFO] PluginManager:220 - loadIPPluginJar : add ltdc
2025-04-17 13:29:54,322 [INFO] IPUIPlugin:80 - create IPUIPlugin
2025-04-17 13:29:54,322 [INFO] PluginManager:220 - loadIPPluginJar : add nvic
2025-04-17 13:29:54,323 [INFO] IPUIPlugin:80 - create IPUIPlugin
2025-04-17 13:29:54,323 [INFO] PluginManager:220 - loadIPPluginJar : add fatfs
2025-04-17 13:29:54,328 [INFO] IPUIPlugin:80 - create IPUIPlugin
2025-04-17 13:29:54,329 [INFO] PluginManager:220 - loadIPPluginJar : add linkedlist
2025-04-17 13:29:54,349 [INFO] IPUIPlugin:80 - create IPUIPlugin
2025-04-17 13:29:54,350 [INFO] PluginManager:220 - loadIPPluginJar : add dma
2025-04-17 13:29:54,354 [INFO] IPUIPlugin:80 - create IPUIPlugin
2025-04-17 13:29:54,354 [INFO] PluginManager:220 - loadIPPluginJar : add fmc
2025-04-17 13:29:54,355 [INFO] IPUIPlugin:80 - create IPUIPlugin
2025-04-17 13:29:54,356 [INFO] PluginManager:220 - loadIPPluginJar : add i2s
2025-04-17 13:29:54,357 [INFO] IPUIPlugin:80 - create IPUIPlugin
2025-04-17 13:29:54,358 [INFO] PluginManager:220 - loadIPPluginJar : add ucpd
2025-04-17 13:29:54,359 [INFO] IPUIPlugin:80 - create IPUIPlugin
2025-04-17 13:29:54,359 [INFO] PluginManager:220 - loadIPPluginJar : add lorawan
2025-04-17 13:29:54,362 [INFO] IPUIPlugin:80 - create IPUIPlugin
2025-04-17 13:29:54,362 [INFO] PluginManager:220 - loadIPPluginJar : add opamp
2025-04-17 13:29:54,364 [INFO] IPUIPlugin:80 - create IPUIPlugin
2025-04-17 13:29:54,364 [INFO] PluginManager:220 - loadIPPluginJar : add i3c
2025-04-17 13:29:54,366 [INFO] IPUIPlugin:80 - create IPUIPlugin
2025-04-17 13:29:54,369 [INFO] PluginManager:220 - loadIPPluginJar : add touchsensing
2025-04-17 13:29:54,371 [INFO] IPUIPlugin:80 - create IPUIPlugin
2025-04-17 13:29:54,371 [INFO] PluginManager:220 - loadIPPluginJar : add i2c
2025-04-17 13:29:54,373 [INFO] IPUIPlugin:80 - create IPUIPlugin
2025-04-17 13:29:54,373 [INFO] PluginManager:220 - loadIPPluginJar : add resmgrutility
2025-04-17 13:29:54,375 [INFO] IPUIPlugin:80 - create IPUIPlugin
2025-04-17 13:29:54,375 [INFO] PluginManager:220 - loadIPPluginJar : add sai
2025-04-17 13:29:54,378 [INFO] IPUIPlugin:80 - create IPUIPlugin
2025-04-17 13:29:54,378 [INFO] PluginManager:220 - loadIPPluginJar : add usbx
2025-04-17 13:29:54,499 [FATAL] Updater:351 - Updater called before beeing initialized
2025-04-17 13:29:54,546 [INFO] RulesReader:64 - Compatibility file has been processed (301 Rules)
2025-04-17 13:29:54,559 [INFO] RulesReader:64 - Compatibility file has been processed (301 Rules)
2025-04-17 13:29:54,572 [INFO] CADModel:165 - CPN selected for project level
2025-04-17 13:29:54,572 [INFO] CADModel:114 - Register for checkConnection events
2025-04-17 13:29:54,572 [FATAL] Updater:351 - Updater called before beeing initialized
2025-04-17 13:29:54,572 [ERROR] CADModel:125 - Updater not yet initialized, retry later 
2025-04-17 13:29:54,845 [FATAL] Updater:351 - Updater called before beeing initialized
2025-04-17 13:29:54,846 [INFO] CADModel:165 - CPN selected for project level
2025-04-17 13:29:54,846 [INFO] CADModel:114 - Register for checkConnection events
2025-04-17 13:29:54,846 [FATAL] Updater:351 - Updater called before beeing initialized
2025-04-17 13:29:54,846 [ERROR] CADModel:125 - Updater not yet initialized, retry later 
2025-04-17 13:29:54,849 [FATAL] Updater:351 - Updater called before beeing initialized
2025-04-17 13:29:55,023 [FATAL] Updater:351 - Updater called before beeing initialized
2025-04-17 13:29:55,027 [INFO] DbMcusAds:53 - JSON generation date=Thu Mar 06 07:54:22 MST 2025 (1741272862078)
2025-04-17 13:29:55,027 [FATAL] Updater:351 - Updater called before beeing initialized
2025-04-17 13:29:55,082 [WARN] DetailPanel:346 - Failed to get advertising image, set to default
2025-04-17 13:29:55,301 [FATAL] Updater:351 - Updater called before beeing initialized
2025-04-17 13:29:55,306 [FATAL] Updater:351 - Updater called before beeing initialized
2025-04-17 13:29:55,306 [FATAL] Updater:351 - Updater called before beeing initialized
2025-04-17 13:29:55,307 [WARN] DetailPanel:346 - Failed to get advertising image, set to default
2025-04-17 13:29:55,309 [FATAL] Updater:351 - Updater called before beeing initialized
2025-04-17 13:29:55,390 [ERROR] Updater:1198 - MainUpdater not yet initialized. External WinMGr cannot be set.
2025-04-17 13:29:55,394 [INFO] Updater:1134 - Updater Version found : 6.14.0
2025-04-17 13:29:55,415 [INFO] ApplicationProperties:184 - Using Application install path: /Applications/STM32CubeIDE.app/Contents/Eclipse/plugins/com.st.stm32cube.common.mx_6.14.0.202502271554
2025-04-17 13:29:55,822 [INFO] MainUpdater:2872 - connection check result : 10
2025-04-17 13:29:55,822 [INFO] MainUpdater:289 - Updater Check For Update Now.
2025-04-17 13:29:55,823 [INFO] MicroXplorer:498 - Change Database Version : DB.6.0.140
2025-04-17 13:29:55,831 [INFO] McuFinderGlobals:63 - Set McuFinder mode to 2 (CubeIDE integrated)
2025-04-17 13:29:55,833 [INFO] UserAuth:486 - Internet connection configuration mode: 1
2025-04-17 13:29:55,847 [INFO] JxBrowserEngine:152 - Initiate JxBrowser Engine with user profile folder
2025-04-17 13:29:56,094 [INFO] CheckServerUpdateThread:120 - End of CheckServer Thread
2025-04-17 13:29:56,829 [WARN] PackLoader:240 - Cannot read IP mode file for STMicroelectronics.FP-SNS-MOTENVWB1.1.4.0
2025-04-17 13:29:56,869 [WARN] PackLoader:240 - Cannot read IP mode file for STMicroelectronics.FP-ATR-ASTRA1.2.0.2
2025-04-17 13:29:56,890 [WARN] PackLoader:240 - Cannot read IP mode file for STMicroelectronics.FP-ATR-ASTRA1.2.0.1
2025-04-17 13:29:56,940 [WARN] PackLoader:240 - Cannot read IP mode file for STMicroelectronics.X-CUBE-SMBUS.2.1.0
2025-04-17 13:29:56,967 [WARN] PackLoader:240 - Cannot read IP mode file for STMicroelectronics.X-CUBE-WB05N.1.1.0
2025-04-17 13:29:57,026 [WARN] PackLoader:240 - Cannot read IP mode file for STMicroelectronics.X-CUBE-AZRTOS-F7.1.1.0
2025-04-17 13:29:57,059 [WARN] PackLoader:240 - Cannot read IP mode file for STMicroelectronics.FP-SNS-FLIGHT1.5.0.2
2025-04-17 13:29:57,117 [WARN] PackLoader:240 - Cannot read IP mode file for Infineon.AIROC-Wi-Fi-Bluetooth-STM32.1.7.0
2025-04-17 13:29:57,162 [WARN] PackLoader:240 - Cannot read IP mode file for STMicroelectronics.X-CUBE-DISPLAY.3.0.0
2025-04-17 13:29:57,206 [WARN] PackLoader:240 - Cannot read IP mode file for STMicroelectronics.X-CUBE-BLE1.7.0.0
2025-04-17 13:29:57,221 [WARN] PackLoader:240 - Cannot read IP mode file for STMicroelectronics.X-CUBE-NFC10.1.0.0
2025-04-17 13:29:57,251 [WARN] PackLoader:240 - Cannot read IP mode file for STMicroelectronics.X-CUBE-BLEMGR.4.0.0
2025-04-17 13:29:57,276 [WARN] PackLoader:240 - Cannot read IP mode file for emotas.I-CUBE-CANOPEN.1.3.0
2025-04-17 13:29:57,291 [WARN] PackLoader:240 - Cannot read IP mode file for STMicroelectronics.X-CUBE-AI.10.0.0
2025-04-17 13:29:57,304 [WARN] PackLoader:240 - Cannot read IP mode file for STMicroelectronics.FP-SNS-SMARTAG2.1.2.0
2025-04-17 13:29:57,317 [WARN] PackLoader:240 - Cannot read IP mode file for STMicroelectronics.FP-SNS-FLIGHT1.5.1.0
2025-04-17 13:29:57,423 [WARN] PackLoader:240 - Cannot read IP mode file for STMicroelectronics.X-CUBE-MEMS1.11.1.0
2025-04-17 13:29:57,842 [INFO] LogOutputStream:77 - [STDOUT_REDIRECT] 1 : Invalid condition id : UX_CORESTACK_Condition cause : null
2025-04-17 13:29:57,852 [INFO] LogOutputStream:77 - [STDOUT_REDIRECT] 1 : Invalid condition id : UX_CORESTACK_Condition cause : null
2025-04-17 13:29:57,853 [INFO] LogOutputStream:77 - [STDOUT_REDIRECT] 1 : Invalid condition id : UX_CORESTACK_Condition cause : null
2025-04-17 13:29:57,853 [INFO] LogOutputStream:77 - [STDOUT_REDIRECT] 1 : Invalid condition id : UX_CORESTACK_Condition cause : null
2025-04-17 13:29:57,853 [INFO] LogOutputStream:77 - [STDOUT_REDIRECT] 1 : Invalid condition id : UX_CORESTACK_Condition cause : null
2025-04-17 13:29:57,874 [WARN] PackLoader:240 - Cannot read IP mode file for STMicroelectronics.X-CUBE-AZRTOS-WL.2.0.0
2025-04-17 13:29:57,947 [WARN] PackLoader:240 - Cannot read IP mode file for STMicroelectronics.FP-SNS-MOTENV1.5.0.0
2025-04-17 13:29:57,959 [WARN] PackLoader:240 - Cannot read IP mode file for wolfSSL.I-CUBE-wolfMQTT.1.19.0
2025-04-17 13:29:57,999 [WARN] PackLoader:240 - Cannot read IP mode file for WES.I-CUBE-Cesium.1.3.0
2025-04-17 13:29:58,016 [WARN] PackLoader:240 - Cannot read IP mode file for STMicroelectronics.X-CUBE-BLE2.3.3.0
2025-04-17 13:29:58,037 [WARN] PackLoader:240 - Cannot read IP mode file for STMicroelectronics.X-CUBE-NFC9.1.0.0
2025-04-17 13:29:58,053 [WARN] PackLoader:240 - Cannot read IP mode file for STMicroelectronics.X-CUBE-BLE1.7.1.0
2025-04-17 13:29:58,154 [WARN] PackLoader:240 - Cannot read IP mode file for STMicroelectronics.X-CUBE-MEMS1.11.2.0
2025-04-17 13:29:58,276 [WARN] PackLoader:240 - Cannot read IP mode file for STMicroelectronics.X-CUBE-AZRTOS-G0.1.1.0
2025-04-17 13:29:58,288 [WARN] PackLoader:240 - Cannot read IP mode file for STMicroelectronics.X-CUBE-SAFEA1.1.2.2
2025-04-17 13:29:58,302 [WARN] PackLoader:240 - Cannot read IP mode file for STMicroelectronics.X-CUBE-NFC4.3.0.0
2025-04-17 13:29:58,326 [WARN] PackLoader:240 - Cannot read IP mode file for EmbeddedOffice.I-CUBE-FS-RTOS.1.0.1
2025-04-17 13:29:58,339 [WARN] PackLoader:240 - Cannot read IP mode file for STMicroelectronics.X-CUBE-TCPP.4.2.0
2025-04-17 13:29:58,356 [WARN] PackLoader:240 - Cannot read IP mode file for RealThread.X-CUBE-RT-Thread_Nano.4.1.1
2025-04-17 13:29:58,362 [WARN] PackLoader:240 - Cannot read IP mode file for STMicroelectronics.FP-ATR-SIGFOX1.3.2.0
2025-04-17 13:29:58,367 [WARN] ConditionMgr:438 - getConditionDescription Invalid condition id : Cortex-A Device cause : null
2025-04-17 13:29:58,446 [WARN] ConditionMgr:1044 - genDependencies : Invalid condition id : Cortex-A Device cause : null
2025-04-17 13:29:58,447 [WARN] ConditionMgr:1044 - genDependencies : Invalid condition id : Cortex-A Device cause : null
2025-04-17 13:29:58,447 [WARN] ConditionMgr:1044 - genDependencies : Invalid condition id : Cortex-A Device cause : null
2025-04-17 13:29:58,456 [WARN] PackLoader:240 - Cannot read IP mode file for STMicroelectronics.X-CUBE-EEPRMA1.5.1.0
2025-04-17 13:29:58,462 [WARN] PackLoader:240 - Cannot read IP mode file for wolfSSL.I-CUBE-wolfSSL.5.7.4
2025-04-17 13:29:58,468 [WARN] PackLoader:240 - Cannot read IP mode file for ITTIA_DB.I-CUBE-ITTIADB.8.9.0
2025-04-17 13:29:58,510 [WARN] PackLoader:240 - Cannot read IP mode file for SEGGER.I-CUBE-embOS.1.3.1
2025-04-17 13:29:58,569 [WARN] PackLoader:240 - Cannot read IP mode file for STMicroelectronics.X-CUBE-ALGOBUILD.1.4.0
2025-04-17 13:29:58,585 [WARN] PackLoader:240 - Cannot read IP mode file for STMicroelectronics.X-CUBE-AI.9.1.0
2025-04-17 13:29:58,607 [WARN] PackLoader:240 - Cannot read IP mode file for STMicroelectronics.X-CUBE-AZRTOS-F4.1.1.0
2025-04-17 13:29:58,615 [WARN] PackLoader:240 - Cannot read IP mode file for Avnet-IotConnect.X-CUBE-IoTC-DA16k-PMOD.1.0.0
2025-04-17 13:29:58,618 [WARN] PackLoader:240 - Cannot read IP mode file for STMicroelectronics.X-CUBE-ISPU.2.1.0
2025-04-17 13:29:58,638 [WARN] PackLoader:240 - Cannot read IP mode file for STMicroelectronics.X-CUBE-AZRTOS-L5.2.0.0
2025-04-17 13:29:58,650 [WARN] PackLoader:240 - Cannot read IP mode file for STMicroelectronics.X-CUBE-NFC6.3.1.0
2025-04-17 13:29:58,661 [WARN] PackLoader:240 - Cannot read IP mode file for STMicroelectronics.X-CUBE-DPower.1.2.0
2025-04-17 13:29:58,668 [WARN] PackLoader:240 - Cannot read IP mode file for STMicroelectronics.X-CUBE-FREERTOS.1.3.0
2025-04-17 13:29:58,678 [WARN] PackLoader:240 - Cannot read IP mode file for STMicroelectronics.X-CUBE-NFC7.1.0.1
2025-04-17 13:29:58,684 [WARN] PackLoader:240 - Cannot read IP mode file for STMicroelectronics.X-CUBE-DPower.1.3.0
2025-04-17 13:29:58,749 [WARN] ConditionMgr:438 - getConditionDescription Invalid condition id : LAN8742 Phy interface Condition cause : null
2025-04-17 13:29:58,853 [WARN] PackLoader:240 - Cannot read IP mode file for STMicroelectronics.X-CUBE-AZRTOS-L4.2.0.0
2025-04-17 13:29:58,873 [WARN] ConditionMgr:1044 - genDependencies : Invalid condition id : LAN8742 Phy interface Condition cause : null
2025-04-17 13:29:58,877 [WARN] ConditionMgr:1044 - genDependencies : Invalid condition id : LAN8742 Phy interface Condition cause : null
2025-04-17 13:29:58,878 [WARN] ConditionMgr:1044 - genDependencies : Invalid condition id : LAN8742 Phy interface Condition cause : null
2025-04-17 13:29:59,015 [WARN] PackLoader:240 - Cannot read IP mode file for STMicroelectronics.X-CUBE-SFXS2LP1.4.0.0
2025-04-17 13:29:59,055 [WARN] PackLoader:240 - Cannot read IP mode file for STMicroelectronics.X-CUBE-AZRTOS-H7.3.3.0
2025-04-17 13:29:59,074 [WARN] ConditionMgr:438 - getConditionDescription Invalid condition id : UX DEVICE CLASS RTOS Condition cause : null
2025-04-17 13:29:59,074 [WARN] ConditionMgr:438 - getConditionDescription Invalid condition id : UX DEVICE CLASS RTOS Condition cause : null
2025-04-17 13:29:59,078 [WARN] PackLoader:240 - Cannot read IP mode file for STMicroelectronics.X-CUBE-AZRTOS-WB.2.0.0
2025-04-17 13:29:59,079 [WARN] ConditionMgr:1044 - genDependencies : Invalid condition id : UX DEVICE CLASS RTOS Condition cause : null
2025-04-17 13:29:59,079 [WARN] ConditionMgr:1044 - genDependencies : Invalid condition id : UX DEVICE CLASS RTOS Condition cause : null
2025-04-17 13:29:59,080 [WARN] ConditionMgr:1044 - genDependencies : Invalid condition id : UX DEVICE CLASS RTOS Condition cause : null
2025-04-17 13:29:59,081 [WARN] ConditionMgr:1044 - genDependencies : Invalid condition id : UX DEVICE CLASS RTOS Condition cause : null
2025-04-17 13:29:59,081 [WARN] ConditionMgr:1044 - genDependencies : Invalid condition id : UX DEVICE CLASS RTOS Condition cause : null
2025-04-17 13:29:59,088 [WARN] PackLoader:240 - Cannot read IP mode file for STMicroelectronics.X-CUBE-GNSS1.7.0.1
2025-04-17 13:29:59,109 [WARN] PackLoader:240 - Cannot read IP mode file for STMicroelectronics.X-CUBE-TOUCHGFX.4.25.0
2025-04-17 13:29:59,117 [WARN] PackLoader:240 - Cannot read IP mode file for STMicroelectronics.FP-SNS-STBOX1.2.0.0
2025-04-17 13:29:59,137 [WARN] PackLoader:240 - Cannot read IP mode file for STMicroelectronics.X-CUBE-SUBG2.5.0.0
2025-04-17 13:29:59,169 [WARN] PackLoader:240 - Cannot read IP mode file for STMicroelectronics.X-CUBE-AZRTOS-H7RS.1.1.0
2025-04-17 13:29:59,179 [WARN] PackLoader:240 - Cannot read IP mode file for Cesanta.I-CUBE-Mongoose.7.13.0
2025-04-17 13:29:59,194 [WARN] PackLoader:240 - Cannot read IP mode file for STMicroelectronics.X-CUBE-AZRTOS-G4.2.0.0
2025-04-17 13:29:59,209 [WARN] PackLoader:240 - Cannot read IP mode file for STMicroelectronics.X-CUBE-IPS.3.1.0
2025-04-17 13:29:59,217 [WARN] PackLoader:240 - Cannot read IP mode file for STMicroelectronics.X-CUBE-ALS.1.0.2
2025-04-17 13:29:59,221 [WARN] PackLoader:240 - Cannot read IP mode file for STMicroelectronics.X-CUBE-TOUCHGFX.4.24.2
2025-04-17 13:29:59,223 [WARN] PackLoader:240 - Cannot read IP mode file for wolfSSL.I-CUBE-wolfTPM.3.4.0
2025-04-17 13:29:59,227 [WARN] PackLoader:240 - Cannot read IP mode file for portGmbH.I-Cube-SoM-uGOAL.1.1.0
2025-04-17 13:29:59,248 [WARN] PackLoader:240 - Cannot read IP mode file for STMicroelectronics.X-CUBE-AZRTOS-H7RS.1.0.0
2025-04-17 13:29:59,264 [WARN] PackLoader:240 - Cannot read IP mode file for STMicroelectronics.X-CUBE-TOF1.3.4.2
2025-04-17 13:29:59,284 [WARN] PackLoader:240 - Cannot read IP mode file for STMicroelectronics.X-CUBE-TOF1.3.4.3
2025-04-17 13:29:59,301 [WARN] PackLoader:240 - Cannot read IP mode file for wolfSSL.I-CUBE-wolfSSH.1.4.17
2025-04-17 13:29:59,324 [INFO] ThirdParty:978 - Integrity check success = true
2025-04-17 13:29:59,324 [INFO] IntegrityCheckThread:100 - exiting critical section [integrity check]
2025-04-17 13:29:59,324 [INFO] IntegrityCheckThread:103 - End integrity checks thread
2025-04-17 13:30:00,625 [INFO] WebApp:169 - Instantiating new browser for Auth
2025-04-17 13:30:02,263 [INFO] WebApp:463 - Apply proxy settings
2025-04-17 13:30:02,294 [INFO] WebApp:508 - Chromium authenticates against Manually configured proxy
2025-04-17 13:30:02,310 [INFO] WebApp:516 - Username used for proxy authentication: 
2025-04-17 13:30:02,363 [INFO] WebApp:894 - Register for checkConnection events
2025-04-17 13:30:02,364 [INFO] WebApp:463 - Apply proxy settings
2025-04-17 13:30:02,370 [INFO] WebApp:508 - Chromium authenticates against Manually configured proxy
2025-04-17 13:30:02,370 [INFO] WebApp:516 - Username used for proxy authentication: 
2025-04-17 13:30:02,574 [INFO] WebApp:225 - Starting web application
2025-04-17 13:30:02,574 [INFO] WebApp:593 - Web application path used /Applications/STM32CubeIDE.app/Contents/Eclipse/plugins/com.st.stm32cube.common.mx_6.14.0.202502271554/db/plugins/mcufinder/reactClient1/index.html
2025-04-17 13:30:03,088 [INFO] WebApp:191 - Connection restablished
2025-04-17 13:30:03,540 [INFO] UserAuth:486 - Internet connection configuration mode: 1
2025-04-17 13:35:06,007 [INFO] WebApp:194 - Connection lost
2025-04-17 13:35:09,719 [INFO] WebApp:191 - Connection restablished
2025-04-17 13:36:38,277 [INFO] WebApp:194 - Connection lost
2025-04-17 13:36:41,944 [INFO] WebApp:191 - Connection restablished
